#
# There is insufficient memory for the Java Runtime Environment to continue.
# Native memory allocation (malloc) failed to allocate 583056 bytes for Chunk::new
# Possible reasons:
#   The system is out of physical RAM or swap space
#   The process is running with CompressedOops enabled, and the Java Heap may be blocking the growth of the native heap
# Possible solutions:
#   Reduce memory load on the system
#   Increase physical memory or swap space
#   Check if swap backing store is full
#   Decrease Java heap size (-Xmx/-Xms)
#   Decrease number of Java threads
#   Decrease Java thread stack sizes (-Xss)
#   Set larger code cache with -XX:ReservedCodeCacheSize=
#   JVM is running with Unscaled Compressed Oops mode in which the Java heap is
#     placed in the first 4GB address space. The Java Heap base address is the
#     maximum limit for the native heap growth. Please use -XX:HeapBaseMinAddress
#     to set the Java Heap base and to place the Java Heap above 4GB virtual address.
# This output file may be truncated or incomplete.
#
#  Out of Memory Error (arena.cpp:168), pid=14348, tid=20064
#
# JRE version: Java(TM) SE Runtime Environment (21.0.8+12) (build 21.0.8+12-LTS-250)
# Java VM: Java HotSpot(TM) 64-Bit Server VM (21.0.8+12-LTS-250, mixed mode, sharing, tiered, compressed oops, compressed class ptrs, g1 gc, windows-amd64)
# No core dump will be written. Minidumps are not enabled by default on client versions of Windows
#

---------------  S U M M A R Y ------------

Command Line: --enable-native-access=ALL-UNNAMED -Dclassworlds.conf=C:\Users\thesh\.m2\wrapper\dists\apache-maven-3.9.11\d6d3cbd4012d4c1d840e93277aca316c\bin\m2.conf -Dmaven.home=C:\Users\thesh\.m2\wrapper\dists\apache-maven-3.9.11\d6d3cbd4012d4c1d840e93277aca316c -Dlibrary.jansi.path=C:\Users\thesh\.m2\wrapper\dists\apache-maven-3.9.11\d6d3cbd4012d4c1d840e93277aca316c\lib\jansi-native -Dmaven.multiModuleProjectDirectory=C:\zoodo-ai-blockchain-veterinary-platform\backend org.codehaus.plexus.classworlds.launcher.Launcher compile

Host: 12th Gen Intel(R) Core(TM) i5-12450H, 12 cores, 7G,  Windows 11 , 64 bit Build 26100 (10.0.26100.6725)
Time: Wed Oct 15 10:31:45 2025 India Standard Time elapsed time: 69.457566 seconds (0d 0h 1m 9s)

---------------  T H R E A D  ---------------

Current thread (0x00000258ff2f2480):  JavaThread "C2 CompilerThread0" daemon [_thread_in_native, id=20064, stack(0x000000a08a800000,0x000000a08a900000) (1024K)]


Current CompileTask:
C2:  69458 9300   !   4       com.sun.tools.javac.jvm.ClassReader::classSigToType (482 bytes)

Stack: [0x000000a08a800000,0x000000a08a900000]
Native frames: (J=compiled Java code, j=interpreted, Vv=VM code, C=native code)
V  [jvm.dll+0x6cc179]
V  [jvm.dll+0x8584c1]
V  [jvm.dll+0x85a9ee]
V  [jvm.dll+0x85b0c3]
V  [jvm.dll+0x27ebf6]
V  [jvm.dll+0xc4f4d]
V  [jvm.dll+0xc5483]
V  [jvm.dll+0x3b6a82]
V  [jvm.dll+0x382a35]
V  [jvm.dll+0x381eaa]
V  [jvm.dll+0x247670]
V  [jvm.dll+0x246c4f]
V  [jvm.dll+0x1c7a3e]
V  [jvm.dll+0x256359]
V  [jvm.dll+0x2548ea]
V  [jvm.dll+0x3efef6]
V  [jvm.dll+0x80279b]
V  [jvm.dll+0x6ca85d]
C  [ucrtbase.dll+0x37b0]
C  [KERNEL32.DLL+0x2e8d7]
C  [ntdll.dll+0x8c53c]


---------------  P R O C E S S  ---------------

Threads class SMR info:
_java_thread_list=0x00000258e21a3190, length=13, elements={
0x00000258fd87b480, 0x00000258ff2dd120, 0x00000258ff2e1de0, 0x00000258ff2e2f70,
0x00000258ff2e39c0, 0x00000258ff2ec420, 0x00000258ff2ece70, 0x00000258ff2f2480,
0x00000258ff2f6bb0, 0x000002589b5101e0, 0x000002589b514230, 0x00000258e112e4a0,
0x00000258e4edf050
}

Java Threads: ( => current thread )
  0x00000258fd87b480 JavaThread "main"                              [_thread_in_vm, id=12196, stack(0x000000a089a00000,0x000000a089b00000) (1024K)]
  0x00000258ff2dd120 JavaThread "Reference Handler"          daemon [_thread_blocked, id=22980, stack(0x000000a08a200000,0x000000a08a300000) (1024K)]
  0x00000258ff2e1de0 JavaThread "Finalizer"                  daemon [_thread_blocked, id=14808, stack(0x000000a08a300000,0x000000a08a400000) (1024K)]
  0x00000258ff2e2f70 JavaThread "Signal Dispatcher"          daemon [_thread_blocked, id=27412, stack(0x000000a08a400000,0x000000a08a500000) (1024K)]
  0x00000258ff2e39c0 JavaThread "Attach Listener"            daemon [_thread_blocked, id=27452, stack(0x000000a08a500000,0x000000a08a600000) (1024K)]
  0x00000258ff2ec420 JavaThread "Service Thread"             daemon [_thread_blocked, id=25040, stack(0x000000a08a600000,0x000000a08a700000) (1024K)]
  0x00000258ff2ece70 JavaThread "Monitor Deflation Thread"   daemon [_thread_blocked, id=5212, stack(0x000000a08a700000,0x000000a08a800000) (1024K)]
=>0x00000258ff2f2480 JavaThread "C2 CompilerThread0"         daemon [_thread_in_native, id=20064, stack(0x000000a08a800000,0x000000a08a900000) (1024K)]
  0x00000258ff2f6bb0 JavaThread "C1 CompilerThread0"         daemon [_thread_in_native, id=23668, stack(0x000000a08a900000,0x000000a08aa00000) (1024K)]
  0x000002589b5101e0 JavaThread "Notification Thread"        daemon [_thread_blocked, id=17692, stack(0x000000a08aa00000,0x000000a08ab00000) (1024K)]
  0x000002589b514230 JavaThread "Common-Cleaner"             daemon [_thread_blocked, id=23864, stack(0x000000a08ab00000,0x000000a08ac00000) (1024K)]
  0x00000258e112e4a0 JavaThread "Thread-1"                   daemon [_thread_blocked, id=14924, stack(0x000000a08b500000,0x000000a08b600000) (1024K)]
  0x00000258e4edf050 JavaThread "C2 CompilerThread1"         daemon [_thread_in_native, id=13616, stack(0x000000a089700000,0x000000a089800000) (1024K)]
Total: 13

Other Threads:
  0x00000258ff2c1a80 VMThread "VM Thread"                           [id=13212, stack(0x000000a08a100000,0x000000a08a200000) (1024K)]
  0x00000258ff2af460 WatcherThread "VM Periodic Task Thread"        [id=9096, stack(0x000000a08a000000,0x000000a08a100000) (1024K)]
  0x00000258fd8cd9e0 WorkerThread "GC Thread#0"                     [id=22920, stack(0x000000a089b00000,0x000000a089c00000) (1024K)]
  0x000002589be8b280 WorkerThread "GC Thread#1"                     [id=4584, stack(0x000000a08ae00000,0x000000a08af00000) (1024K)]
  0x00000258e1a4abe0 WorkerThread "GC Thread#2"                     [id=26416, stack(0x000000a08af00000,0x000000a08b000000) (1024K)]
  0x00000258e18d10a0 WorkerThread "GC Thread#3"                     [id=9188, stack(0x000000a08b000000,0x000000a08b100000) (1024K)]
  0x00000258e18d30f0 WorkerThread "GC Thread#4"                     [id=8628, stack(0x000000a08b100000,0x000000a08b200000) (1024K)]
  0x00000258e1693600 WorkerThread "GC Thread#5"                     [id=17152, stack(0x000000a08b200000,0x000000a08b300000) (1024K)]
  0x00000258e16a29b0 WorkerThread "GC Thread#6"                     [id=7432, stack(0x000000a08b300000,0x000000a08b400000) (1024K)]
  0x00000258e16a2d50 WorkerThread "GC Thread#7"                     [id=13848, stack(0x000000a08b400000,0x000000a08b500000) (1024K)]
  0x00000258e1cafbf0 WorkerThread "GC Thread#8"                     [id=8292, stack(0x000000a08ac00000,0x000000a08ad00000) (1024K)]
  0x00000258e1cb06d0 WorkerThread "GC Thread#9"                     [id=26420, stack(0x000000a08ad00000,0x000000a08ae00000) (1024K)]
  0x00000258fd8fd1a0 ConcurrentGCThread "G1 Main Marker"            [id=16232, stack(0x000000a089c00000,0x000000a089d00000) (1024K)]
  0x00000258fd8fecb0 WorkerThread "G1 Conc#0"                       [id=8952, stack(0x000000a089d00000,0x000000a089e00000) (1024K)]
  0x00000258e25280e0 WorkerThread "G1 Conc#1"                       [id=25744, stack(0x000000a08b600000,0x000000a08b700000) (1024K)]
  0x00000258e25279a0 WorkerThread "G1 Conc#2"                       [id=12728, stack(0x000000a08b700000,0x000000a08b800000) (1024K)]
  0x00000258ff177850 ConcurrentGCThread "G1 Refine#0"               [id=23700, stack(0x000000a089e00000,0x000000a089f00000) (1024K)]
  0x00000258ff1781d0 ConcurrentGCThread "G1 Service"                [id=10944, stack(0x000000a089f00000,0x000000a08a000000) (1024K)]
Total: 18

Threads with active compile tasks:
C2 CompilerThread0    69504 9300   !   4       com.sun.tools.javac.jvm.ClassReader::classSigToType (482 bytes)
C1 CompilerThread0    69504 9407       3       com.sun.tools.javac.jvm.Gen::genFinalizer (37 bytes)
C2 CompilerThread1    69504 9387       4       java.util.LinkedHashSet::<init> (10 bytes)
Total: 3

VM state: not at safepoint (normal execution)

VM Mutex/Monitor currently owned by a thread: None

Heap address: 0x0000000084800000, size: 1976 MB, Compressed Oops mode: 32-bit

CDS archive(s) mapped at: [0x000002589c000000-0x000002589cc90000-0x000002589cc90000), size 13172736, SharedBaseAddress: 0x000002589c000000, ArchiveRelocationMode: 1.
Compressed class space mapped at: 0x000002589d000000-0x00000258dd000000, reserved size: 1073741824
Narrow klass base: 0x000002589c000000, Narrow klass shift: 0, Narrow klass range: 0x100000000

GC Precious Log:
 CardTable entry size: 512
 Card Set container configuration: InlinePtr #cards 5 size 8 Array Of Cards #cards 12 size 40 Howl #buckets 4 coarsen threshold 1843 Howl Bitmap #cards 512 size 80 coarsen threshold 460 Card regions per heap region 1 cards per card region 2048
 CPUs: 12 total, 12 available
 Memory: 7896M
 Large Page Support: Disabled
 NUMA Support: Disabled
 Compressed Oops: Enabled (32-bit)
 Heap Region Size: 1M
 Heap Min Capacity: 8M
 Heap Initial Capacity: 124M
 Heap Max Capacity: 1976M
 Pre-touch: Disabled
 Parallel Workers: 10
 Concurrent Workers: 3
 Concurrent Refinement Workers: 10
 Periodic GC: Disabled

Heap:
 garbage-first heap   total 141312K, used 74004K [0x0000000084800000, 0x0000000100000000)
  region size 1024K, 20 young (20480K), 3 survivors (3072K)
 Metaspace       used 32941K, committed 33408K, reserved 1114112K
  class space    used 3614K, committed 3840K, reserved 1048576K

Heap Regions: E=young(eden), S=young(survivor), O=old, HS=humongous(starts), HC=humongous(continues), CS=collection set, F=free, TAMS=top-at-mark-start, PB=parsable bottom
|   0|0x0000000084800000, 0x0000000084900000, 0x0000000084900000|100%| O|  |TAMS 0x0000000084800000| PB 0x0000000084800000| Untracked 
|   1|0x0000000084900000, 0x0000000084a00000, 0x0000000084a00000|100%| O|  |TAMS 0x0000000084900000| PB 0x0000000084900000| Untracked 
|   2|0x0000000084a00000, 0x0000000084b00000, 0x0000000084b00000|100%| O|  |TAMS 0x0000000084a00000| PB 0x0000000084a00000| Untracked 
|   3|0x0000000084b00000, 0x0000000084c00000, 0x0000000084c00000|100%| O|  |TAMS 0x0000000084b00000| PB 0x0000000084b00000| Untracked 
|   4|0x0000000084c00000, 0x0000000084d00000, 0x0000000084d00000|100%| O|  |TAMS 0x0000000084c00000| PB 0x0000000084c00000| Untracked 
|   5|0x0000000084d00000, 0x0000000084e00000, 0x0000000084e00000|100%| O|  |TAMS 0x0000000084d00000| PB 0x0000000084d00000| Untracked 
|   6|0x0000000084e00000, 0x0000000084f00000, 0x0000000084f00000|100%| O|  |TAMS 0x0000000084e00000| PB 0x0000000084e00000| Untracked 
|   7|0x0000000084f00000, 0x0000000085000000, 0x0000000085000000|100%| O|  |TAMS 0x0000000084f00000| PB 0x0000000084f00000| Untracked 
|   8|0x0000000085000000, 0x0000000085100000, 0x0000000085100000|100%| O|  |TAMS 0x0000000085000000| PB 0x0000000085000000| Untracked 
|   9|0x0000000085100000, 0x0000000085200000, 0x0000000085200000|100%| O|  |TAMS 0x0000000085100000| PB 0x0000000085100000| Untracked 
|  10|0x0000000085200000, 0x0000000085300000, 0x0000000085300000|100%| O|  |TAMS 0x0000000085200000| PB 0x0000000085200000| Untracked 
|  11|0x0000000085300000, 0x0000000085400000, 0x0000000085400000|100%| O|  |TAMS 0x0000000085300000| PB 0x0000000085300000| Untracked 
|  12|0x0000000085400000, 0x0000000085500000, 0x0000000085500000|100%|HS|  |TAMS 0x0000000085400000| PB 0x0000000085400000| Complete 
|  13|0x0000000085500000, 0x0000000085600000, 0x0000000085600000|100%| O|  |TAMS 0x0000000085500000| PB 0x0000000085500000| Untracked 
|  14|0x0000000085600000, 0x0000000085700000, 0x0000000085700000|100%| O|  |TAMS 0x0000000085600000| PB 0x0000000085600000| Untracked 
|  15|0x0000000085700000, 0x0000000085800000, 0x0000000085800000|100%| O|  |TAMS 0x0000000085700000| PB 0x0000000085700000| Untracked 
|  16|0x0000000085800000, 0x0000000085900000, 0x0000000085900000|100%|HS|  |TAMS 0x0000000085800000| PB 0x0000000085800000| Complete 
|  17|0x0000000085900000, 0x0000000085a00000, 0x0000000085a00000|100%|HC|  |TAMS 0x0000000085900000| PB 0x0000000085900000| Complete 
|  18|0x0000000085a00000, 0x0000000085b00000, 0x0000000085b00000|100%|HC|  |TAMS 0x0000000085a00000| PB 0x0000000085a00000| Complete 
|  19|0x0000000085b00000, 0x0000000085c00000, 0x0000000085c00000|100%| O|  |TAMS 0x0000000085b00000| PB 0x0000000085b00000| Untracked 
|  20|0x0000000085c00000, 0x0000000085d00000, 0x0000000085d00000|100%| O|  |TAMS 0x0000000085c00000| PB 0x0000000085c00000| Untracked 
|  21|0x0000000085d00000, 0x0000000085e00000, 0x0000000085e00000|100%| O|  |TAMS 0x0000000085d00000| PB 0x0000000085d00000| Untracked 
|  22|0x0000000085e00000, 0x0000000085f00000, 0x0000000085f00000|100%| O|  |TAMS 0x0000000085e00000| PB 0x0000000085e00000| Untracked 
|  23|0x0000000085f00000, 0x0000000086000000, 0x0000000086000000|100%| O|  |TAMS 0x0000000085f00000| PB 0x0000000085f00000| Untracked 
|  24|0x0000000086000000, 0x0000000086100000, 0x0000000086100000|100%| O|  |TAMS 0x0000000086000000| PB 0x0000000086000000| Untracked 
|  25|0x0000000086100000, 0x0000000086200000, 0x0000000086200000|100%| O|  |TAMS 0x0000000086100000| PB 0x0000000086100000| Untracked 
|  26|0x0000000086200000, 0x0000000086300000, 0x0000000086300000|100%| O|  |TAMS 0x0000000086200000| PB 0x0000000086200000| Untracked 
|  27|0x0000000086300000, 0x0000000086400000, 0x0000000086400000|100%| O|  |TAMS 0x0000000086300000| PB 0x0000000086300000| Untracked 
|  28|0x0000000086400000, 0x0000000086500000, 0x0000000086500000|100%| O|  |TAMS 0x0000000086400000| PB 0x0000000086400000| Untracked 
|  29|0x0000000086500000, 0x0000000086600000, 0x0000000086600000|100%| O|  |TAMS 0x0000000086500000| PB 0x0000000086500000| Untracked 
|  30|0x0000000086600000, 0x0000000086700000, 0x0000000086700000|100%| O|  |TAMS 0x0000000086600000| PB 0x0000000086600000| Untracked 
|  31|0x0000000086700000, 0x0000000086800000, 0x0000000086800000|100%| O|  |TAMS 0x0000000086700000| PB 0x0000000086700000| Untracked 
|  32|0x0000000086800000, 0x0000000086900000, 0x0000000086900000|100%| O|  |TAMS 0x0000000086800000| PB 0x0000000086800000| Untracked 
|  33|0x0000000086900000, 0x0000000086a00000, 0x0000000086a00000|100%| O|  |TAMS 0x0000000086900000| PB 0x0000000086900000| Untracked 
|  34|0x0000000086a00000, 0x0000000086b00000, 0x0000000086b00000|100%| O|  |TAMS 0x0000000086a00000| PB 0x0000000086a00000| Untracked 
|  35|0x0000000086b00000, 0x0000000086c00000, 0x0000000086c00000|100%| O|  |TAMS 0x0000000086b00000| PB 0x0000000086b00000| Untracked 
|  36|0x0000000086c00000, 0x0000000086d00000, 0x0000000086d00000|100%| O|  |TAMS 0x0000000086c00000| PB 0x0000000086c00000| Untracked 
|  37|0x0000000086d00000, 0x0000000086e00000, 0x0000000086e00000|100%| O|  |TAMS 0x0000000086d00000| PB 0x0000000086d00000| Untracked 
|  38|0x0000000086e00000, 0x0000000086e72bf0, 0x0000000086f00000| 44%| O|  |TAMS 0x0000000086e00000| PB 0x0000000086e00000| Untracked 
|  39|0x0000000086f00000, 0x0000000086f00000, 0x0000000087000000|  0%| F|  |TAMS 0x0000000086f00000| PB 0x0000000086f00000| Untracked 
|  40|0x0000000087000000, 0x0000000087000000, 0x0000000087100000|  0%| F|  |TAMS 0x0000000087000000| PB 0x0000000087000000| Untracked 
|  41|0x0000000087100000, 0x0000000087100000, 0x0000000087200000|  0%| F|  |TAMS 0x0000000087100000| PB 0x0000000087100000| Untracked 
|  42|0x0000000087200000, 0x0000000087200000, 0x0000000087300000|  0%| F|  |TAMS 0x0000000087200000| PB 0x0000000087200000| Untracked 
|  43|0x0000000087300000, 0x0000000087300000, 0x0000000087400000|  0%| F|  |TAMS 0x0000000087300000| PB 0x0000000087300000| Untracked 
|  44|0x0000000087400000, 0x0000000087400000, 0x0000000087500000|  0%| F|  |TAMS 0x0000000087400000| PB 0x0000000087400000| Untracked 
|  45|0x0000000087500000, 0x0000000087500000, 0x0000000087600000|  0%| F|  |TAMS 0x0000000087500000| PB 0x0000000087500000| Untracked 
|  46|0x0000000087600000, 0x0000000087600000, 0x0000000087700000|  0%| F|  |TAMS 0x0000000087600000| PB 0x0000000087600000| Untracked 
|  47|0x0000000087700000, 0x0000000087700000, 0x0000000087800000|  0%| F|  |TAMS 0x0000000087700000| PB 0x0000000087700000| Untracked 
|  48|0x0000000087800000, 0x0000000087800000, 0x0000000087900000|  0%| F|  |TAMS 0x0000000087800000| PB 0x0000000087800000| Untracked 
|  49|0x0000000087900000, 0x0000000087900000, 0x0000000087a00000|  0%| F|  |TAMS 0x0000000087900000| PB 0x0000000087900000| Untracked 
|  50|0x0000000087a00000, 0x0000000087a00000, 0x0000000087b00000|  0%| F|  |TAMS 0x0000000087a00000| PB 0x0000000087a00000| Untracked 
|  51|0x0000000087b00000, 0x0000000087bd26a0, 0x0000000087c00000| 82%| S|CS|TAMS 0x0000000087b00000| PB 0x0000000087b00000| Complete 
|  52|0x0000000087c00000, 0x0000000087d00000, 0x0000000087d00000|100%| S|CS|TAMS 0x0000000087c00000| PB 0x0000000087c00000| Complete 
|  53|0x0000000087d00000, 0x0000000087e00000, 0x0000000087e00000|100%| S|CS|TAMS 0x0000000087d00000| PB 0x0000000087d00000| Complete 
|  54|0x0000000087e00000, 0x0000000087e00000, 0x0000000087f00000|  0%| F|  |TAMS 0x0000000087e00000| PB 0x0000000087e00000| Untracked 
|  55|0x0000000087f00000, 0x0000000087f00000, 0x0000000088000000|  0%| F|  |TAMS 0x0000000087f00000| PB 0x0000000087f00000| Untracked 
|  56|0x0000000088000000, 0x0000000088000000, 0x0000000088100000|  0%| F|  |TAMS 0x0000000088000000| PB 0x0000000088000000| Untracked 
|  57|0x0000000088100000, 0x0000000088100000, 0x0000000088200000|  0%| F|  |TAMS 0x0000000088100000| PB 0x0000000088100000| Untracked 
|  58|0x0000000088200000, 0x0000000088200000, 0x0000000088300000|  0%| F|  |TAMS 0x0000000088200000| PB 0x0000000088200000| Untracked 
|  59|0x0000000088300000, 0x0000000088300000, 0x0000000088400000|  0%| F|  |TAMS 0x0000000088300000| PB 0x0000000088300000| Untracked 
|  60|0x0000000088400000, 0x0000000088400000, 0x0000000088500000|  0%| F|  |TAMS 0x0000000088400000| PB 0x0000000088400000| Untracked 
|  61|0x0000000088500000, 0x0000000088500000, 0x0000000088600000|  0%| F|  |TAMS 0x0000000088500000| PB 0x0000000088500000| Untracked 
|  62|0x0000000088600000, 0x0000000088600000, 0x0000000088700000|  0%| F|  |TAMS 0x0000000088600000| PB 0x0000000088600000| Untracked 
|  63|0x0000000088700000, 0x0000000088700000, 0x0000000088800000|  0%| F|  |TAMS 0x0000000088700000| PB 0x0000000088700000| Untracked 
|  64|0x0000000088800000, 0x0000000088800000, 0x0000000088900000|  0%| F|  |TAMS 0x0000000088800000| PB 0x0000000088800000| Untracked 
|  65|0x0000000088900000, 0x0000000088900000, 0x0000000088a00000|  0%| F|  |TAMS 0x0000000088900000| PB 0x0000000088900000| Untracked 
|  66|0x0000000088a00000, 0x0000000088a00000, 0x0000000088b00000|  0%| F|  |TAMS 0x0000000088a00000| PB 0x0000000088a00000| Untracked 
|  67|0x0000000088b00000, 0x0000000088b00000, 0x0000000088c00000|  0%| F|  |TAMS 0x0000000088b00000| PB 0x0000000088b00000| Untracked 
|  68|0x0000000088c00000, 0x0000000088c00000, 0x0000000088d00000|  0%| F|  |TAMS 0x0000000088c00000| PB 0x0000000088c00000| Untracked 
|  69|0x0000000088d00000, 0x0000000088d00000, 0x0000000088e00000|  0%| F|  |TAMS 0x0000000088d00000| PB 0x0000000088d00000| Untracked 
|  70|0x0000000088e00000, 0x0000000088e00000, 0x0000000088f00000|  0%| F|  |TAMS 0x0000000088e00000| PB 0x0000000088e00000| Untracked 
|  71|0x0000000088f00000, 0x0000000088f00000, 0x0000000089000000|  0%| F|  |TAMS 0x0000000088f00000| PB 0x0000000088f00000| Untracked 
|  72|0x0000000089000000, 0x0000000089000000, 0x0000000089100000|  0%| F|  |TAMS 0x0000000089000000| PB 0x0000000089000000| Untracked 
|  73|0x0000000089100000, 0x0000000089100000, 0x0000000089200000|  0%| F|  |TAMS 0x0000000089100000| PB 0x0000000089100000| Untracked 
|  74|0x0000000089200000, 0x0000000089200000, 0x0000000089300000|  0%| F|  |TAMS 0x0000000089200000| PB 0x0000000089200000| Untracked 
|  75|0x0000000089300000, 0x0000000089300000, 0x0000000089400000|  0%| F|  |TAMS 0x0000000089300000| PB 0x0000000089300000| Untracked 
|  76|0x0000000089400000, 0x0000000089400000, 0x0000000089500000|  0%| F|  |TAMS 0x0000000089400000| PB 0x0000000089400000| Untracked 
|  77|0x0000000089500000, 0x0000000089500000, 0x0000000089600000|  0%| F|  |TAMS 0x0000000089500000| PB 0x0000000089500000| Untracked 
|  78|0x0000000089600000, 0x0000000089600000, 0x0000000089700000|  0%| F|  |TAMS 0x0000000089600000| PB 0x0000000089600000| Untracked 
|  79|0x0000000089700000, 0x0000000089700000, 0x0000000089800000|  0%| F|  |TAMS 0x0000000089700000| PB 0x0000000089700000| Untracked 
|  80|0x0000000089800000, 0x0000000089800000, 0x0000000089900000|  0%| F|  |TAMS 0x0000000089800000| PB 0x0000000089800000| Untracked 
|  81|0x0000000089900000, 0x0000000089900000, 0x0000000089a00000|  0%| F|  |TAMS 0x0000000089900000| PB 0x0000000089900000| Untracked 
|  82|0x0000000089a00000, 0x0000000089a00000, 0x0000000089b00000|  0%| F|  |TAMS 0x0000000089a00000| PB 0x0000000089a00000| Untracked 
|  83|0x0000000089b00000, 0x0000000089b00000, 0x0000000089c00000|  0%| F|  |TAMS 0x0000000089b00000| PB 0x0000000089b00000| Untracked 
|  84|0x0000000089c00000, 0x0000000089c00000, 0x0000000089d00000|  0%| F|  |TAMS 0x0000000089c00000| PB 0x0000000089c00000| Untracked 
|  85|0x0000000089d00000, 0x0000000089d00000, 0x0000000089e00000|  0%| F|  |TAMS 0x0000000089d00000| PB 0x0000000089d00000| Untracked 
|  86|0x0000000089e00000, 0x0000000089e00000, 0x0000000089f00000|  0%| F|  |TAMS 0x0000000089e00000| PB 0x0000000089e00000| Untracked 
|  87|0x0000000089f00000, 0x0000000089f00000, 0x000000008a000000|  0%| F|  |TAMS 0x0000000089f00000| PB 0x0000000089f00000| Untracked 
|  88|0x000000008a000000, 0x000000008a000000, 0x000000008a100000|  0%| F|  |TAMS 0x000000008a000000| PB 0x000000008a000000| Untracked 
|  89|0x000000008a100000, 0x000000008a100000, 0x000000008a200000|  0%| F|  |TAMS 0x000000008a100000| PB 0x000000008a100000| Untracked 
|  90|0x000000008a200000, 0x000000008a200000, 0x000000008a300000|  0%| F|  |TAMS 0x000000008a200000| PB 0x000000008a200000| Untracked 
|  91|0x000000008a300000, 0x000000008a300000, 0x000000008a400000|  0%| F|  |TAMS 0x000000008a300000| PB 0x000000008a300000| Untracked 
|  92|0x000000008a400000, 0x000000008a400000, 0x000000008a500000|  0%| F|  |TAMS 0x000000008a400000| PB 0x000000008a400000| Untracked 
|  93|0x000000008a500000, 0x000000008a500000, 0x000000008a600000|  0%| F|  |TAMS 0x000000008a500000| PB 0x000000008a500000| Untracked 
|  94|0x000000008a600000, 0x000000008a600000, 0x000000008a700000|  0%| F|  |TAMS 0x000000008a600000| PB 0x000000008a600000| Untracked 
|  95|0x000000008a700000, 0x000000008a700000, 0x000000008a800000|  0%| F|  |TAMS 0x000000008a700000| PB 0x000000008a700000| Untracked 
|  96|0x000000008a800000, 0x000000008a800000, 0x000000008a900000|  0%| F|  |TAMS 0x000000008a800000| PB 0x000000008a800000| Untracked 
|  97|0x000000008a900000, 0x000000008a900000, 0x000000008aa00000|  0%| F|  |TAMS 0x000000008a900000| PB 0x000000008a900000| Untracked 
|  98|0x000000008aa00000, 0x000000008aa00000, 0x000000008ab00000|  0%| F|  |TAMS 0x000000008aa00000| PB 0x000000008aa00000| Untracked 
|  99|0x000000008ab00000, 0x000000008ab00000, 0x000000008ac00000|  0%| F|  |TAMS 0x000000008ab00000| PB 0x000000008ab00000| Untracked 
| 100|0x000000008ac00000, 0x000000008ac00000, 0x000000008ad00000|  0%| F|  |TAMS 0x000000008ac00000| PB 0x000000008ac00000| Untracked 
| 101|0x000000008ad00000, 0x000000008ad00000, 0x000000008ae00000|  0%| F|  |TAMS 0x000000008ad00000| PB 0x000000008ad00000| Untracked 
| 102|0x000000008ae00000, 0x000000008ae00000, 0x000000008af00000|  0%| F|  |TAMS 0x000000008ae00000| PB 0x000000008ae00000| Untracked 
| 103|0x000000008af00000, 0x000000008af00000, 0x000000008b000000|  0%| F|  |TAMS 0x000000008af00000| PB 0x000000008af00000| Untracked 
| 104|0x000000008b000000, 0x000000008b000000, 0x000000008b100000|  0%| F|  |TAMS 0x000000008b000000| PB 0x000000008b000000| Untracked 
| 105|0x000000008b100000, 0x000000008b100000, 0x000000008b200000|  0%| F|  |TAMS 0x000000008b100000| PB 0x000000008b100000| Untracked 
| 106|0x000000008b200000, 0x000000008b300000, 0x000000008b300000|100%| E|  |TAMS 0x000000008b200000| PB 0x000000008b200000| Complete 
| 107|0x000000008b300000, 0x000000008b400000, 0x000000008b400000|100%| E|CS|TAMS 0x000000008b300000| PB 0x000000008b300000| Complete 
| 108|0x000000008b400000, 0x000000008b500000, 0x000000008b500000|100%| E|CS|TAMS 0x000000008b400000| PB 0x000000008b400000| Complete 
| 109|0x000000008b500000, 0x000000008b600000, 0x000000008b600000|100%| E|CS|TAMS 0x000000008b500000| PB 0x000000008b500000| Complete 
| 110|0x000000008b600000, 0x000000008b700000, 0x000000008b700000|100%| E|CS|TAMS 0x000000008b600000| PB 0x000000008b600000| Complete 
| 111|0x000000008b700000, 0x000000008b800000, 0x000000008b800000|100%| E|CS|TAMS 0x000000008b700000| PB 0x000000008b700000| Complete 
| 112|0x000000008b800000, 0x000000008b900000, 0x000000008b900000|100%| E|CS|TAMS 0x000000008b800000| PB 0x000000008b800000| Complete 
| 113|0x000000008b900000, 0x000000008ba00000, 0x000000008ba00000|100%| E|CS|TAMS 0x000000008b900000| PB 0x000000008b900000| Complete 
| 114|0x000000008ba00000, 0x000000008bb00000, 0x000000008bb00000|100%| E|CS|TAMS 0x000000008ba00000| PB 0x000000008ba00000| Complete 
| 115|0x000000008bb00000, 0x000000008bc00000, 0x000000008bc00000|100%| E|CS|TAMS 0x000000008bb00000| PB 0x000000008bb00000| Complete 
| 116|0x000000008bc00000, 0x000000008bd00000, 0x000000008bd00000|100%| E|CS|TAMS 0x000000008bc00000| PB 0x000000008bc00000| Complete 
| 117|0x000000008bd00000, 0x000000008be00000, 0x000000008be00000|100%| E|CS|TAMS 0x000000008bd00000| PB 0x000000008bd00000| Complete 
| 118|0x000000008be00000, 0x000000008bf00000, 0x000000008bf00000|100%| E|CS|TAMS 0x000000008be00000| PB 0x000000008be00000| Complete 
| 119|0x000000008bf00000, 0x000000008c000000, 0x000000008c000000|100%| E|CS|TAMS 0x000000008bf00000| PB 0x000000008bf00000| Complete 
| 120|0x000000008c000000, 0x000000008c100000, 0x000000008c100000|100%| E|CS|TAMS 0x000000008c000000| PB 0x000000008c000000| Complete 
| 121|0x000000008c100000, 0x000000008c200000, 0x000000008c200000|100%| E|CS|TAMS 0x000000008c100000| PB 0x000000008c100000| Complete 
| 123|0x000000008c300000, 0x000000008c400000, 0x000000008c400000|100%| E|CS|TAMS 0x000000008c300000| PB 0x000000008c300000| Complete 
|1961|0x00000000ff100000, 0x00000000ff200000, 0x00000000ff200000|100%| O|  |TAMS 0x00000000ff100000| PB 0x00000000ff100000| Untracked 
|1962|0x00000000ff200000, 0x00000000ff300000, 0x00000000ff300000|100%| O|  |TAMS 0x00000000ff200000| PB 0x00000000ff200000| Untracked 
|1963|0x00000000ff300000, 0x00000000ff400000, 0x00000000ff400000|100%| O|  |TAMS 0x00000000ff300000| PB 0x00000000ff300000| Untracked 
|1964|0x00000000ff400000, 0x00000000ff500000, 0x00000000ff500000|100%| O|  |TAMS 0x00000000ff400000| PB 0x00000000ff400000| Untracked 
|1965|0x00000000ff500000, 0x00000000ff600000, 0x00000000ff600000|100%| O|  |TAMS 0x00000000ff500000| PB 0x00000000ff500000| Untracked 
|1966|0x00000000ff600000, 0x00000000ff700000, 0x00000000ff700000|100%| O|  |TAMS 0x00000000ff600000| PB 0x00000000ff600000| Untracked 
|1967|0x00000000ff700000, 0x00000000ff800000, 0x00000000ff800000|100%| O|  |TAMS 0x00000000ff700000| PB 0x00000000ff700000| Untracked 
|1968|0x00000000ff800000, 0x00000000ff900000, 0x00000000ff900000|100%| O|  |TAMS 0x00000000ff800000| PB 0x00000000ff800000| Untracked 
|1969|0x00000000ff900000, 0x00000000ffa00000, 0x00000000ffa00000|100%| O|  |TAMS 0x00000000ff900000| PB 0x00000000ff900000| Untracked 
|1970|0x00000000ffa00000, 0x00000000ffb00000, 0x00000000ffb00000|100%| O|  |TAMS 0x00000000ffa00000| PB 0x00000000ffa00000| Untracked 
|1971|0x00000000ffb00000, 0x00000000ffc00000, 0x00000000ffc00000|100%| O|  |TAMS 0x00000000ffb00000| PB 0x00000000ffb00000| Untracked 
|1972|0x00000000ffc00000, 0x00000000ffd00000, 0x00000000ffd00000|100%| O|  |TAMS 0x00000000ffc00000| PB 0x00000000ffc00000| Untracked 
|1973|0x00000000ffd00000, 0x00000000ffe00000, 0x00000000ffe00000|100%| O|  |TAMS 0x00000000ffd00000| PB 0x00000000ffd00000| Untracked 
|1974|0x00000000ffe00000, 0x00000000fff00000, 0x00000000fff00000|100%| O|  |TAMS 0x00000000ffe00000| PB 0x00000000ffe00000| Untracked 
|1975|0x00000000fff00000, 0x0000000100000000, 0x0000000100000000|100%| O|  |TAMS 0x00000000fff00000| PB 0x00000000fff00000| Untracked 

Card table byte_map: [0x00000258fe280000,0x00000258fe660000] _byte_map_base: 0x00000258fde5c000

Marking Bits: (CMBitMap*) 0x00000258fd8ce0e0
 Bits: [0x00000258973d0000, 0x00000258992b0000)

Polling page: 0x00000258fb7b0000

Metaspace:

Usage:
  Non-class:     28.64 MB used.
      Class:      3.53 MB used.
       Both:     32.17 MB used.

Virtual space:
  Non-class space:       64.00 MB reserved,      28.88 MB ( 45%) committed,  1 nodes.
      Class space:        1.00 GB reserved,       3.75 MB ( <1%) committed,  1 nodes.
             Both:        1.06 GB reserved,      32.62 MB (  3%) committed. 

Chunk freelists:
   Non-Class:  2.94 MB
       Class:  12.22 MB
        Both:  15.15 MB

MaxMetaspaceSize: unlimited
CompressedClassSpaceSize: 1.00 GB
Initial GC threshold: 21.00 MB
Current GC threshold: 35.56 MB
CDS: on
 - commit_granule_bytes: 65536.
 - commit_granule_words: 8192.
 - virtual_space_node_default_size: 8388608.
 - enlarge_chunks_in_place: 1.
 - use_allocation_guard: 0.


Internal statistics:

num_allocs_failed_limit: 3.
num_arena_births: 600.
num_arena_deaths: 0.
num_vsnodes_births: 2.
num_vsnodes_deaths: 0.
num_space_committed: 522.
num_space_uncommitted: 0.
num_chunks_returned_to_freelist: 3.
num_chunks_taken_from_freelist: 1859.
num_chunk_merges: 3.
num_chunk_splits: 1299.
num_chunks_enlarged: 949.
num_inconsistent_stats: 0.

CodeHeap 'non-profiled nmethods': size=120000Kb used=6848Kb max_used=6848Kb free=113152Kb
 bounds [0x000002588fea0000, 0x0000025890550000, 0x00000258973d0000]
CodeHeap 'profiled nmethods': size=120000Kb used=22871Kb max_used=22871Kb free=97128Kb
 bounds [0x00000258883d0000, 0x0000025889a30000, 0x000002588f900000]
CodeHeap 'non-nmethods': size=5760Kb used=1470Kb max_used=1573Kb free=4290Kb
 bounds [0x000002588f900000, 0x000002588fb70000, 0x000002588fea0000]
 total_blobs=9957 nmethods=9406 adapters=455
 compilation: enabled
              stopped_count=0, restarted_count=0
 full_count=0

Compilation events (20 events):
Event: 67.428 Thread 0x00000258ff2f6bb0 nmethod 9346 0x00000258899e9390 code [0x00000258899e9600, 0x00000258899ea068]
Event: 67.428 Thread 0x00000258ff2f6bb0 9347       3       java.util.EnumSet::complementOf (11 bytes)
Event: 67.428 Thread 0x00000258ff2f6bb0 nmethod 9347 0x00000258899ea490 code [0x00000258899ea660, 0x00000258899ea940]
Event: 67.428 Thread 0x00000258ff2f6bb0 9348       3       java.util.EnumSet::copyOf (5 bytes)
Event: 67.429 Thread 0x00000258ff2f6bb0 nmethod 9348 0x00000258899eaa90 code [0x00000258899eac40, 0x00000258899eadf8]
Event: 67.429 Thread 0x00000258ff2f6bb0 9349       3       com.sun.tools.javac.comp.Infer$InferenceStep::filterBounds (27 bytes)
Event: 67.429 Thread 0x00000258ff2f6bb0 nmethod 9349 0x00000258899eae90 code [0x00000258899eb080, 0x00000258899eb5c0]
Event: 67.429 Thread 0x00000258ff2f6bb0 9350       3       java.util.EnumMap$EntryIterator$Entry::getKey (5 bytes)
Event: 67.430 Thread 0x00000258ff2f6bb0 nmethod 9350 0x00000258899eb790 code [0x00000258899eb960, 0x00000258899ebc98]
Event: 67.430 Thread 0x00000258ff2f6bb0 9351       3       java.util.EnumMap$EntryIterator$Entry::getKey (20 bytes)
Event: 67.430 Thread 0x00000258ff2f6bb0 nmethod 9351 0x00000258899ebe90 code [0x00000258899ec060, 0x00000258899ec328]
Event: 67.430 Thread 0x00000258ff2f6bb0 9352       3       java.util.EnumMap$EntryIterator$Entry::getValue (30 bytes)
Event: 67.430 Thread 0x00000258ff2f6bb0 nmethod 9352 0x00000258899ec510 code [0x00000258899ec6e0, 0x00000258899eca58]
Event: 67.430 Thread 0x00000258ff2f6bb0 9353       3       com.sun.tools.javac.code.Type$UndetVar$InferenceBound::values (10 bytes)
Event: 67.431 Thread 0x00000258ff2f6bb0 nmethod 9353 0x00000258899ecc10 code [0x00000258899ecdc0, 0x00000258899ed068]
Event: 67.432 Thread 0x00000258ff2f6bb0 9354       3       com.sun.tools.javac.comp.Check$1::compatible (14 bytes)
Event: 67.432 Thread 0x00000258ff2f6bb0 nmethod 9354 0x00000258899ed110 code [0x00000258899ed2c0, 0x00000258899ed418]
Event: 67.432 Thread 0x00000258ff2f6bb0 9355       3       com.sun.tools.javac.comp.Infer$IncorporationBinaryOpKind$1::apply (9 bytes)
Event: 67.433 Thread 0x00000258ff2f6bb0 nmethod 9355 0x00000258899ed510 code [0x00000258899ed6c0, 0x00000258899ed820]
Event: 67.433 Thread 0x00000258ff2f6bb0 9356       3       com.sun.tools.javac.comp.Infer$CheckBounds::apply (200 bytes)

GC Heap History (20 events):
Event: 8.137 GC heap before
{Heap before GC invocations=2 (full 0):
 garbage-first heap   total 126976K, used 79242K [0x0000000084800000, 0x0000000100000000)
  region size 1024K, 74 young (75776K), 2 survivors (2048K)
 Metaspace       used 15956K, committed 16192K, reserved 1114112K
  class space    used 1837K, committed 1920K, reserved 1048576K
}
Event: 8.180 GC heap after
{Heap after GC invocations=3 (full 0):
 garbage-first heap   total 126976K, used 12917K [0x0000000084800000, 0x0000000100000000)
  region size 1024K, 9 young (9216K), 9 survivors (9216K)
 Metaspace       used 15956K, committed 16192K, reserved 1114112K
  class space    used 1837K, committed 1920K, reserved 1048576K
}
Event: 11.415 GC heap before
{Heap before GC invocations=3 (full 0):
 garbage-first heap   total 126976K, used 79477K [0x0000000084800000, 0x0000000100000000)
  region size 1024K, 74 young (75776K), 9 survivors (9216K)
 Metaspace       used 17954K, committed 18304K, reserved 1114112K
  class space    used 1998K, committed 2176K, reserved 1048576K
}
Event: 11.452 GC heap after
{Heap after GC invocations=4 (full 0):
 garbage-first heap   total 126976K, used 15872K [0x0000000084800000, 0x0000000100000000)
  region size 1024K, 4 young (4096K), 4 survivors (4096K)
 Metaspace       used 17954K, committed 18304K, reserved 1114112K
  class space    used 1998K, committed 2176K, reserved 1048576K
}
Event: 12.778 GC heap before
{Heap before GC invocations=4 (full 0):
 garbage-first heap   total 126976K, used 46592K [0x0000000084800000, 0x0000000100000000)
  region size 1024K, 28 young (28672K), 4 survivors (4096K)
 Metaspace       used 21195K, committed 21504K, reserved 1114112K
  class space    used 2402K, committed 2560K, reserved 1048576K
}
Event: 12.801 GC heap after
{Heap after GC invocations=5 (full 0):
 garbage-first heap   total 126976K, used 26624K [0x0000000084800000, 0x0000000100000000)
  region size 1024K, 8 young (8192K), 8 survivors (8192K)
 Metaspace       used 21195K, committed 21504K, reserved 1114112K
  class space    used 2402K, committed 2560K, reserved 1048576K
}
Event: 15.402 GC heap before
{Heap before GC invocations=6 (full 0):
 garbage-first heap   total 92160K, used 92160K [0x0000000084800000, 0x0000000100000000)
  region size 1024K, 71 young (72704K), 8 survivors (8192K)
 Metaspace       used 26983K, committed 27392K, reserved 1114112K
  class space    used 3027K, committed 3200K, reserved 1048576K
}
Event: 15.453 GC heap after
{Heap after GC invocations=7 (full 0):
 garbage-first heap   total 117760K, used 41472K [0x0000000084800000, 0x0000000100000000)
  region size 1024K, 10 young (10240K), 10 survivors (10240K)
 Metaspace       used 26983K, committed 27392K, reserved 1114112K
  class space    used 3027K, committed 3200K, reserved 1048576K
}
Event: 33.471 GC heap before
{Heap before GC invocations=7 (full 0):
 garbage-first heap   total 117760K, used 90624K [0x0000000084800000, 0x0000000100000000)
  region size 1024K, 59 young (60416K), 10 survivors (10240K)
 Metaspace       used 28698K, committed 29056K, reserved 1114112K
  class space    used 3158K, committed 3328K, reserved 1048576K
}
Event: 33.535 GC heap after
{Heap after GC invocations=8 (full 0):
 garbage-first heap   total 141312K, used 48128K [0x0000000084800000, 0x0000000100000000)
  region size 1024K, 7 young (7168K), 7 survivors (7168K)
 Metaspace       used 28698K, committed 29056K, reserved 1114112K
  class space    used 3158K, committed 3328K, reserved 1048576K
}
Event: 46.704 GC heap before
{Heap before GC invocations=8 (full 0):
 garbage-first heap   total 141312K, used 111616K [0x0000000084800000, 0x0000000100000000)
  region size 1024K, 69 young (70656K), 7 survivors (7168K)
 Metaspace       used 30396K, committed 30848K, reserved 1114112K
  class space    used 3347K, committed 3520K, reserved 1048576K
}
Event: 46.726 GC heap after
{Heap after GC invocations=9 (full 0):
 garbage-first heap   total 141312K, used 51111K [0x0000000084800000, 0x0000000100000000)
  region size 1024K, 2 young (2048K), 2 survivors (2048K)
 Metaspace       used 30396K, committed 30848K, reserved 1114112K
  class space    used 3347K, committed 3520K, reserved 1048576K
}
Event: 51.422 GC heap before
{Heap before GC invocations=9 (full 0):
 garbage-first heap   total 141312K, used 116647K [0x0000000084800000, 0x0000000100000000)
  region size 1024K, 66 young (67584K), 2 survivors (2048K)
 Metaspace       used 30672K, committed 31168K, reserved 1114112K
  class space    used 3363K, committed 3584K, reserved 1048576K
}
Event: 51.442 GC heap after
{Heap after GC invocations=10 (full 0):
 garbage-first heap   total 141312K, used 54836K [0x0000000084800000, 0x0000000100000000)
  region size 1024K, 6 young (6144K), 6 survivors (6144K)
 Metaspace       used 30672K, committed 31168K, reserved 1114112K
  class space    used 3363K, committed 3584K, reserved 1048576K
}
Event: 54.979 GC heap before
{Heap before GC invocations=10 (full 0):
 garbage-first heap   total 141312K, used 119348K [0x0000000084800000, 0x0000000100000000)
  region size 1024K, 69 young (70656K), 6 survivors (6144K)
 Metaspace       used 30909K, committed 31424K, reserved 1114112K
  class space    used 3390K, committed 3584K, reserved 1048576K
}
Event: 55.001 GC heap after
{Heap after GC invocations=11 (full 0):
 garbage-first heap   total 141312K, used 57197K [0x0000000084800000, 0x0000000100000000)
  region size 1024K, 7 young (7168K), 7 survivors (7168K)
 Metaspace       used 30909K, committed 31424K, reserved 1114112K
  class space    used 3390K, committed 3584K, reserved 1048576K
}
Event: 60.315 GC heap before
{Heap before GC invocations=11 (full 0):
 garbage-first heap   total 141312K, used 121709K [0x0000000084800000, 0x0000000100000000)
  region size 1024K, 70 young (71680K), 7 survivors (7168K)
 Metaspace       used 30943K, committed 31424K, reserved 1114112K
  class space    used 3390K, committed 3584K, reserved 1048576K
}
Event: 60.326 GC heap after
{Heap after GC invocations=12 (full 0):
 garbage-first heap   total 141312K, used 57521K [0x0000000084800000, 0x0000000100000000)
  region size 1024K, 3 young (3072K), 3 survivors (3072K)
 Metaspace       used 30943K, committed 31424K, reserved 1114112K
  class space    used 3390K, committed 3584K, reserved 1048576K
}
Event: 60.964 GC heap before
{Heap before GC invocations=12 (full 0):
 garbage-first heap   total 141312K, used 125105K [0x0000000084800000, 0x0000000100000000)
  region size 1024K, 69 young (70656K), 3 survivors (3072K)
 Metaspace       used 32110K, committed 32640K, reserved 1114112K
  class space    used 3553K, committed 3776K, reserved 1048576K
}
Event: 60.971 GC heap after
{Heap after GC invocations=13 (full 0):
 garbage-first heap   total 141312K, used 57620K [0x0000000084800000, 0x0000000100000000)
  region size 1024K, 3 young (3072K), 3 survivors (3072K)
 Metaspace       used 32110K, committed 32640K, reserved 1114112K
  class space    used 3553K, committed 3776K, reserved 1048576K
}

Dll operation events (8 events):
Event: 0.027 Loaded shared library C:\Program Files\Java\jdk-21\bin\java.dll
Event: 0.122 Loaded shared library C:\Program Files\Java\jdk-21\bin\jsvml.dll
Event: 0.180 Loaded shared library C:\Program Files\Java\jdk-21\bin\net.dll
Event: 0.188 Loaded shared library C:\Program Files\Java\jdk-21\bin\nio.dll
Event: 0.199 Loaded shared library C:\Program Files\Java\jdk-21\bin\zip.dll
Event: 0.465 Loaded shared library C:\Program Files\Java\jdk-21\bin\jimage.dll
Event: 0.467 Loaded shared library C:\Users\thesh\.m2\wrapper\dists\apache-maven-3.9.11\d6d3cbd4012d4c1d840e93277aca316c\lib\jansi-native\Windows\x86_64\jansi.dll
Event: 0.518 Loaded shared library C:\Program Files\Java\jdk-21\bin\verify.dll

Deoptimization events (20 events):
Event: 67.364 Thread 0x00000258fd87b480 Uncommon trap: trap_request=0xffffffde fr.pc=0x00000258904bd7e4 relative=0x00000000000004a4
Event: 67.364 Thread 0x00000258fd87b480 Uncommon trap: reason=class_check action=maybe_recompile pc=0x00000258904bd7e4 method=com.sun.tools.javac.code.Type$ClassType.cloneWithMetadata(Lcom/sun/tools/javac/util/List;)Lcom/sun/tools/javac/code/Type; @ 2 c2
Event: 67.364 Thread 0x00000258fd87b480 DEOPT PACKING pc=0x00000258904bd7e4 sp=0x000000a089afbe10
Event: 67.364 Thread 0x00000258fd87b480 DEOPT UNPACKING pc=0x000002588f9546a2 sp=0x000000a089afbdf8 mode 2
Event: 67.367 Thread 0x00000258fd87b480 Uncommon trap: trap_request=0xffffffc6 fr.pc=0x00000258904b6eb0 relative=0x0000000000000390
Event: 67.367 Thread 0x00000258fd87b480 Uncommon trap: reason=bimorphic_or_optimized_type_check action=maybe_recompile pc=0x00000258904b6eb0 method=java.util.stream.ReduceOps$ReduceOp.evaluateSequential(Ljava/util/stream/PipelineHelper;Ljava/util/Spliterator;)Ljava/lang/Object; @ 2 c2
Event: 67.367 Thread 0x00000258fd87b480 DEOPT PACKING pc=0x00000258904b6eb0 sp=0x000000a089afb1c0
Event: 67.367 Thread 0x00000258fd87b480 DEOPT UNPACKING pc=0x000002588f9546a2 sp=0x000000a089afb160 mode 2
Event: 67.384 Thread 0x00000258fd87b480 Uncommon trap: trap_request=0xffffffde fr.pc=0x00000258904ed924 relative=0x0000000000000b04
Event: 67.384 Thread 0x00000258fd87b480 Uncommon trap: reason=class_check action=maybe_recompile pc=0x00000258904ed924 method=java.util.HashMap.removeNode(ILjava/lang/Object;Ljava/lang/Object;ZZ)Ljava/util/HashMap$Node; @ 143 c2
Event: 67.384 Thread 0x00000258fd87b480 DEOPT PACKING pc=0x00000258904ed924 sp=0x000000a089afb8c0
Event: 67.384 Thread 0x00000258fd87b480 DEOPT UNPACKING pc=0x000002588f9546a2 sp=0x000000a089afb858 mode 2
Event: 67.423 Thread 0x00000258fd87b480 Uncommon trap: trap_request=0xffffffde fr.pc=0x000002589053ca04 relative=0x0000000000001a64
Event: 67.423 Thread 0x00000258fd87b480 Uncommon trap: reason=class_check action=maybe_recompile pc=0x000002589053ca04 method=com.sun.tools.javac.comp.Resolve$AbstractMethodCheck.argumentsAcceptable(Lcom/sun/tools/javac/comp/Env;Lcom/sun/tools/javac/comp/DeferredAttr$DeferredAttrContext;Lcom/su
Event: 67.423 Thread 0x00000258fd87b480 DEOPT PACKING pc=0x000002589053ca04 sp=0x000000a089afbc30
Event: 67.423 Thread 0x00000258fd87b480 DEOPT UNPACKING pc=0x000002588f9546a2 sp=0x000000a089afba98 mode 2
Event: 67.423 Thread 0x00000258fd87b480 Uncommon trap: trap_request=0xffffffde fr.pc=0x000002589053ca04 relative=0x0000000000001a64
Event: 67.424 Thread 0x00000258fd87b480 Uncommon trap: reason=class_check action=maybe_recompile pc=0x000002589053ca04 method=com.sun.tools.javac.comp.Resolve$AbstractMethodCheck.argumentsAcceptable(Lcom/sun/tools/javac/comp/Env;Lcom/sun/tools/javac/comp/DeferredAttr$DeferredAttrContext;Lcom/su
Event: 67.424 Thread 0x00000258fd87b480 DEOPT PACKING pc=0x000002589053ca04 sp=0x000000a089afbd40
Event: 67.424 Thread 0x00000258fd87b480 DEOPT UNPACKING pc=0x000002588f9546a2 sp=0x000000a089afbba8 mode 2

Classes loaded (20 events):
Event: 60.795 Loading class java/lang/invoke/MethodHandleImpl$Makers$1
Event: 60.796 Loading class java/lang/invoke/MethodHandleImpl$Makers$1 done
Event: 60.796 Loading class java/lang/invoke/MethodHandleImpl$Makers$2
Event: 60.796 Loading class java/lang/invoke/MethodHandleImpl$Makers$2 done
Event: 60.796 Loading class java/lang/invoke/MethodHandleImpl$Makers$3
Event: 60.796 Loading class java/lang/invoke/MethodHandleImpl$Makers$3 done
Event: 60.801 Loading class java/lang/runtime/ObjectMethods$1
Event: 60.801 Loading class java/lang/runtime/ObjectMethods$1 done
Event: 60.807 Loading class java/lang/invoke/DirectMethodHandle$1
Event: 60.808 Loading class java/lang/invoke/DirectMethodHandle$1 done
Event: 60.846 Loading class java/nio/file/Path$1
Event: 60.846 Loading class java/nio/file/Path$1 done
Event: 60.989 Loading class java/util/function/ToIntBiFunction
Event: 60.989 Loading class java/util/function/ToIntBiFunction done
Event: 60.990 Loading class java/io/DataOutputStream
Event: 60.991 Loading class java/io/DataOutputStream done
Event: 61.062 Loading class java/util/stream/ReduceOps$2
Event: 61.064 Loading class java/util/stream/ReduceOps$2 done
Event: 61.064 Loading class java/util/stream/ReduceOps$2ReducingSink
Event: 61.064 Loading class java/util/stream/ReduceOps$2ReducingSink done

Classes unloaded (0 events):
No events

Classes redefined (0 events):
No events

Internal exceptions (20 events):
Event: 66.271 Thread 0x00000258fd87b480 Exception <a 'sun/nio/fs/WindowsException'{0x000000008b893068}> (0x000000008b893068) 
thrown [s\open\src\hotspot\share\prims\jni.cpp, line 520]
Event: 66.273 Thread 0x00000258fd87b480 Exception <a 'sun/nio/fs/WindowsException'{0x000000008b8bf138}> (0x000000008b8bf138) 
thrown [s\open\src\hotspot\share\prims\jni.cpp, line 520]
Event: 66.274 Thread 0x00000258fd87b480 Exception <a 'sun/nio/fs/WindowsException'{0x000000008b8c0438}> (0x000000008b8c0438) 
thrown [s\open\src\hotspot\share\prims\jni.cpp, line 520]
Event: 66.297 Thread 0x00000258fd87b480 Exception <a 'sun/nio/fs/WindowsException'{0x000000008b8fdca8}> (0x000000008b8fdca8) 
thrown [s\open\src\hotspot\share\prims\jni.cpp, line 520]
Event: 66.298 Thread 0x00000258fd87b480 Exception <a 'sun/nio/fs/WindowsException'{0x000000008b705628}> (0x000000008b705628) 
thrown [s\open\src\hotspot\share\prims\jni.cpp, line 520]
Event: 66.298 Thread 0x00000258fd87b480 Exception <a 'sun/nio/fs/WindowsException'{0x000000008b717948}> (0x000000008b717948) 
thrown [s\open\src\hotspot\share\prims\jni.cpp, line 520]
Event: 66.298 Thread 0x00000258fd87b480 Exception <a 'sun/nio/fs/WindowsException'{0x000000008b719958}> (0x000000008b719958) 
thrown [s\open\src\hotspot\share\prims\jni.cpp, line 520]
Event: 67.342 Thread 0x00000258fd87b480 Exception <a 'sun/nio/fs/WindowsException'{0x000000008b7eb2b0}> (0x000000008b7eb2b0) 
thrown [s\open\src\hotspot\share\prims\jni.cpp, line 520]
Event: 67.343 Thread 0x00000258fd87b480 Exception <a 'sun/nio/fs/WindowsException'{0x000000008b7f1ba8}> (0x000000008b7f1ba8) 
thrown [s\open\src\hotspot\share\prims\jni.cpp, line 520]
Event: 67.343 Thread 0x00000258fd87b480 Exception <a 'sun/nio/fs/WindowsException'{0x000000008b6060b8}> (0x000000008b6060b8) 
thrown [s\open\src\hotspot\share\prims\jni.cpp, line 520]
Event: 67.343 Thread 0x00000258fd87b480 Exception <a 'sun/nio/fs/WindowsException'{0x000000008b607160}> (0x000000008b607160) 
thrown [s\open\src\hotspot\share\prims\jni.cpp, line 520]
Event: 67.349 Thread 0x00000258fd87b480 Exception <a 'sun/nio/fs/WindowsException'{0x000000008b6335f0}> (0x000000008b6335f0) 
thrown [s\open\src\hotspot\share\prims\jni.cpp, line 520]
Event: 67.350 Thread 0x00000258fd87b480 Exception <a 'sun/nio/fs/WindowsException'{0x000000008b634ce8}> (0x000000008b634ce8) 
thrown [s\open\src\hotspot\share\prims\jni.cpp, line 520]
Event: 67.350 Thread 0x00000258fd87b480 Exception <a 'sun/nio/fs/WindowsException'{0x000000008b636120}> (0x000000008b636120) 
thrown [s\open\src\hotspot\share\prims\jni.cpp, line 520]
Event: 67.350 Thread 0x00000258fd87b480 Exception <a 'sun/nio/fs/WindowsException'{0x000000008b6371a0}> (0x000000008b6371a0) 
thrown [s\open\src\hotspot\share\prims\jni.cpp, line 520]
Event: 67.370 Thread 0x00000258fd87b480 Exception <a 'sun/nio/fs/WindowsException'{0x000000008b6ac630}> (0x000000008b6ac630) 
thrown [s\open\src\hotspot\share\prims\jni.cpp, line 520]
Event: 67.370 Thread 0x00000258fd87b480 Exception <a 'sun/nio/fs/WindowsException'{0x000000008b6acd00}> (0x000000008b6acd00) 
thrown [s\open\src\hotspot\share\prims\jni.cpp, line 520]
Event: 67.370 Thread 0x00000258fd87b480 Exception <a 'sun/nio/fs/WindowsException'{0x000000008b6ad588}> (0x000000008b6ad588) 
thrown [s\open\src\hotspot\share\prims\jni.cpp, line 520]
Event: 67.403 Thread 0x00000258fd87b480 Exception <a 'java/lang/NoSuchMethodError'{0x000000008b575d70}: 'java.lang.Object java.lang.invoke.DirectMethodHandle$Holder.newInvokeSpecial(java.lang.Object, java.lang.Object, java.lang.Object, java.lang.Object, java.lang.Object, java.lang.Object, java.lang.Object, int)'> (0x000000008b575d70) 
thrown [s\open\src\hotspot\share\interpreter\linkResolver.cpp, line 773]
Event: 67.403 Thread 0x00000258fd87b480 Exception <a 'java/lang/NoSuchMethodError'{0x000000008b57ae48}: 'java.lang.Object java.lang.invoke.DirectMethodHandle$Holder.invokeSpecial(java.lang.Object, java.lang.Object, java.lang.Object, java.lang.Object, java.lang.Object, java.lang.Object, java.lang.Object, java.lang.Object, int)'> (0x000000008b57ae48) 
thrown [s\open\src\hotspot\share\interpreter\linkResolver.cpp, line 773]

ZGC Phase Switch (0 events):
No events

VM Operations (20 events):
Event: 60.958 Executing VM operation: ICBufferFull done
Event: 60.963 Executing VM operation: G1CollectForAllocation (G1 Evacuation Pause)
Event: 60.972 Executing VM operation: G1CollectForAllocation (G1 Evacuation Pause) done
Event: 61.058 Executing VM operation: HandshakeAllThreads (Deoptimize)
Event: 61.058 Executing VM operation: HandshakeAllThreads (Deoptimize) done
Event: 61.161 Executing VM operation: ICBufferFull
Event: 61.162 Executing VM operation: ICBufferFull done
Event: 62.162 Executing VM operation: Cleanup
Event: 63.054 Executing VM operation: Cleanup done
Event: 64.063 Executing VM operation: Cleanup
Event: 64.080 Executing VM operation: Cleanup done
Event: 65.084 Executing VM operation: Cleanup
Event: 65.179 Executing VM operation: Cleanup done
Event: 66.043 Executing VM operation: ICBufferFull
Event: 66.043 Executing VM operation: ICBufferFull done
Event: 66.203 Executing VM operation: HandshakeAllThreads (Deoptimize)
Event: 66.203 Executing VM operation: HandshakeAllThreads (Deoptimize) done
Event: 67.217 Executing VM operation: Cleanup
Event: 67.313 Executing VM operation: Cleanup done
Event: 68.321 Executing VM operation: Cleanup

Events (20 events):
Event: 13.530 Thread 0x000002589b9827b0 Thread added: 0x000002589b9827b0
Event: 17.198 Thread 0x000002589b9827b0 Thread exited: 0x000002589b9827b0
Event: 17.330 Thread 0x000002589b9820e0 Thread exited: 0x000002589b9820e0
Event: 27.521 Thread 0x000002589b9827b0 Thread added: 0x000002589b9827b0
Event: 27.807 Thread 0x000002589b9827b0 Thread exited: 0x000002589b9827b0
Event: 28.605 Thread 0x000002589b9827b0 Thread added: 0x000002589b9827b0
Event: 29.406 Thread 0x000002589b9827b0 Thread exited: 0x000002589b9827b0
Event: 39.646 Thread 0x000002589b9827b0 Thread added: 0x000002589b9827b0
Event: 41.818 Thread 0x000002589b9827b0 Thread exited: 0x000002589b9827b0
Event: 48.001 Thread 0x000002589b9827b0 Thread added: 0x000002589b9827b0
Event: 48.271 Thread 0x000002589b9827b0 Thread exited: 0x000002589b9827b0
Event: 53.268 Thread 0x000002589b9827b0 Thread added: 0x000002589b9827b0
Event: 54.740 Thread 0x000002589b9827b0 Thread exited: 0x000002589b9827b0
Event: 55.754 Thread 0x00000258e4ee0b90 Thread added: 0x00000258e4ee0b90
Event: 56.631 Thread 0x00000258e4ee0b90 Thread exited: 0x00000258e4ee0b90
Event: 58.561 Thread 0x00000258e4ee04c0 Thread added: 0x00000258e4ee04c0
Event: 59.135 Thread 0x00000258e4ee04c0 Thread exited: 0x00000258e4ee04c0
Event: 60.271 Thread 0x00000258e4ee1260 Thread added: 0x00000258e4ee1260
Event: 61.441 Thread 0x00000258e4ee1260 Thread exited: 0x00000258e4ee1260
Event: 65.885 Thread 0x00000258e4edf050 Thread added: 0x00000258e4edf050


Dynamic libraries:
0x00007ff7c8b30000 - 0x00007ff7c8b40000 	C:\Program Files\Java\jdk-21\bin\java.exe
0x00007ffc52140000 - 0x00007ffc523a8000 	C:\WINDOWS\SYSTEM32\ntdll.dll
0x00007ffc50d10000 - 0x00007ffc50dd9000 	C:\WINDOWS\System32\KERNEL32.DLL
0x00007ffc4f2d0000 - 0x00007ffc4f6c2000 	C:\WINDOWS\System32\KERNELBASE.dll
0x00007ffc4f8f0000 - 0x00007ffc4fa3b000 	C:\WINDOWS\System32\ucrtbase.dll
0x00007ffc35ba0000 - 0x00007ffc35bb9000 	C:\Program Files\Java\jdk-21\bin\jli.dll
0x00007ffc39110000 - 0x00007ffc3912b000 	C:\Program Files\Java\jdk-21\bin\VCRUNTIME140.dll
0x00007ffc50850000 - 0x00007ffc50904000 	C:\WINDOWS\System32\ADVAPI32.dll
0x00007ffc50de0000 - 0x00007ffc50e89000 	C:\WINDOWS\System32\msvcrt.dll
0x00007ffc517f0000 - 0x00007ffc51896000 	C:\WINDOWS\System32\sechost.dll
0x00007ffc518a0000 - 0x00007ffc519b8000 	C:\WINDOWS\System32\RPCRT4.dll
0x00007ffc519c0000 - 0x00007ffc51b85000 	C:\WINDOWS\System32\USER32.dll
0x00007ffc33fd0000 - 0x00007ffc34263000 	C:\WINDOWS\WinSxS\amd64_microsoft.windows.common-controls_6595b64144ccf1df_6.0.26100.6725_none_3e085828e334708b\COMCTL32.dll
0x00007ffc4f790000 - 0x00007ffc4f7b7000 	C:\WINDOWS\System32\win32u.dll
0x00007ffc51250000 - 0x00007ffc5127b000 	C:\WINDOWS\System32\GDI32.dll
0x00007ffc4fa40000 - 0x00007ffc4fb6d000 	C:\WINDOWS\System32\gdi32full.dll
0x00007ffc3de10000 - 0x00007ffc3de1b000 	C:\WINDOWS\SYSTEM32\VERSION.dll
0x00007ffc4fb70000 - 0x00007ffc4fc13000 	C:\WINDOWS\System32\msvcp_win.dll
0x00007ffc50b70000 - 0x00007ffc50b9f000 	C:\WINDOWS\System32\IMM32.DLL
0x00007ffc475f0000 - 0x00007ffc475fc000 	C:\Program Files\Java\jdk-21\bin\vcruntime140_1.dll
0x00007ffc0c5d0000 - 0x00007ffc0c65e000 	C:\Program Files\Java\jdk-21\bin\msvcp140.dll
0x00007ffb72230000 - 0x00007ffb72f4d000 	C:\Program Files\Java\jdk-21\bin\server\jvm.dll
0x00007ffc51170000 - 0x00007ffc511e4000 	C:\WINDOWS\System32\WS2_32.dll
0x00007ffc4f130000 - 0x00007ffc4f18e000 	C:\WINDOWS\SYSTEM32\POWRPROF.dll
0x00007ffc3d6d0000 - 0x00007ffc3d705000 	C:\WINDOWS\SYSTEM32\WINMM.dll
0x00007ffc4f110000 - 0x00007ffc4f124000 	C:\WINDOWS\SYSTEM32\UMPDC.dll
0x00007ffc4e0a0000 - 0x00007ffc4e0bb000 	C:\WINDOWS\SYSTEM32\kernel.appcore.dll
0x00007ffc47590000 - 0x00007ffc4759a000 	C:\Program Files\Java\jdk-21\bin\jimage.dll
0x00007ffc4c5b0000 - 0x00007ffc4c7f2000 	C:\WINDOWS\SYSTEM32\DBGHELP.DLL
0x00007ffc51c50000 - 0x00007ffc51fcb000 	C:\WINDOWS\System32\combase.dll
0x00007ffc51710000 - 0x00007ffc517e7000 	C:\WINDOWS\System32\OLEAUT32.dll
0x00007ffc30b40000 - 0x00007ffc30b7c000 	C:\WINDOWS\SYSTEM32\dbgcore.DLL
0x00007ffc4f7c0000 - 0x00007ffc4f858000 	C:\WINDOWS\System32\bcryptPrimitives.dll
0x00007ffc24bf0000 - 0x00007ffc24c0f000 	C:\Program Files\Java\jdk-21\bin\java.dll
0x00007ffc4ffe0000 - 0x00007ffc5072c000 	C:\WINDOWS\System32\SHELL32.dll
0x00007ffc4fda0000 - 0x00007ffc4ff0b000 	C:\WINDOWS\System32\wintypes.dll
0x00007ffc4cf20000 - 0x00007ffc4d77d000 	C:\WINDOWS\SYSTEM32\windows.storage.dll
0x00007ffc52000000 - 0x00007ffc520f2000 	C:\WINDOWS\System32\SHCORE.dll
0x00007ffc51be0000 - 0x00007ffc51c42000 	C:\WINDOWS\System32\shlwapi.dll
0x00007ffc4f1f0000 - 0x00007ffc4f219000 	C:\WINDOWS\SYSTEM32\profapi.dll
0x00007ffc05dd0000 - 0x00007ffc05ea7000 	C:\Program Files\Java\jdk-21\bin\jsvml.dll
0x00007ffc39100000 - 0x00007ffc39110000 	C:\Program Files\Java\jdk-21\bin\net.dll
0x00007ffc47d90000 - 0x00007ffc47eaf000 	C:\WINDOWS\SYSTEM32\WINHTTP.dll
0x00007ffc4e610000 - 0x00007ffc4e67b000 	C:\WINDOWS\system32\mswsock.dll
0x00007ffc24bd0000 - 0x00007ffc24be6000 	C:\Program Files\Java\jdk-21\bin\nio.dll
0x00007ffc1b5a0000 - 0x00007ffc1b5b8000 	C:\Program Files\Java\jdk-21\bin\zip.dll
0x00007ffc1b570000 - 0x00007ffc1b594000 	C:\Users\thesh\.m2\wrapper\dists\apache-maven-3.9.11\d6d3cbd4012d4c1d840e93277aca316c\lib\jansi-native\Windows\x86_64\jansi.dll
0x00007ffc49bb0000 - 0x00007ffc49bc0000 	C:\Program Files\Java\jdk-21\bin\verify.dll

dbghelp: loaded successfully - version: 4.0.5 - missing functions: none
symbol engine: initialized successfully - sym options: 0x614 - pdb path: .;C:\Program Files\Java\jdk-21\bin;C:\WINDOWS\SYSTEM32;C:\WINDOWS\WinSxS\amd64_microsoft.windows.common-controls_6595b64144ccf1df_6.0.26100.6725_none_3e085828e334708b;C:\Program Files\Java\jdk-21\bin\server;C:\Users\thesh\.m2\wrapper\dists\apache-maven-3.9.11\d6d3cbd4012d4c1d840e93277aca316c\lib\jansi-native\Windows\x86_64

VM Arguments:
jvm_args: --enable-native-access=ALL-UNNAMED -Dclassworlds.conf=C:\Users\thesh\.m2\wrapper\dists\apache-maven-3.9.11\d6d3cbd4012d4c1d840e93277aca316c\bin\m2.conf -Dmaven.home=C:\Users\thesh\.m2\wrapper\dists\apache-maven-3.9.11\d6d3cbd4012d4c1d840e93277aca316c -Dlibrary.jansi.path=C:\Users\thesh\.m2\wrapper\dists\apache-maven-3.9.11\d6d3cbd4012d4c1d840e93277aca316c\lib\jansi-native -Dmaven.multiModuleProjectDirectory=C:\zoodo-ai-blockchain-veterinary-platform\backend 
java_command: org.codehaus.plexus.classworlds.launcher.Launcher compile
java_class_path (initial): C:\Users\thesh\.m2\wrapper\dists\apache-maven-3.9.11\d6d3cbd4012d4c1d840e93277aca316c\boot\plexus-classworlds-2.9.0.jar
Launcher Type: SUN_STANDARD

[Global flags]
     intx CICompilerCount                          = 4                                         {product} {ergonomic}
     uint ConcGCThreads                            = 3                                         {product} {ergonomic}
     uint G1ConcRefinementThreads                  = 10                                        {product} {ergonomic}
   size_t G1HeapRegionSize                         = 1048576                                   {product} {ergonomic}
    uintx GCDrainStackTargetSize                   = 64                                        {product} {ergonomic}
   size_t InitialHeapSize                          = 130023424                                 {product} {ergonomic}
   size_t MarkStackSize                            = 4194304                                   {product} {ergonomic}
   size_t MaxHeapSize                              = 2071986176                                {product} {ergonomic}
   size_t MaxNewSize                               = 1242562560                                {product} {ergonomic}
   size_t MinHeapDeltaBytes                        = 1048576                                   {product} {ergonomic}
   size_t MinHeapSize                              = 8388608                                   {product} {ergonomic}
    uintx NonNMethodCodeHeapSize                   = 5839372                                {pd product} {ergonomic}
    uintx NonProfiledCodeHeapSize                  = 122909434                              {pd product} {ergonomic}
    uintx ProfiledCodeHeapSize                     = 122909434                              {pd product} {ergonomic}
    uintx ReservedCodeCacheSize                    = 251658240                              {pd product} {ergonomic}
     bool SegmentedCodeCache                       = true                                      {product} {ergonomic}
   size_t SoftMaxHeapSize                          = 2071986176                             {manageable} {ergonomic}
     bool UseCompressedOops                        = true                           {product lp64_product} {ergonomic}
     bool UseG1GC                                  = true                                      {product} {ergonomic}
     bool UseLargePagesIndividualAllocation        = false                                  {pd product} {ergonomic}

Logging:
Log output configuration:
 #0: stdout all=warning uptime,level,tags foldmultilines=false
 #1: stderr all=off uptime,level,tags foldmultilines=false

Environment Variables:
JAVA_HOME=C:\Program Files\Java\jdk-21
PATH=C:\Program Files\Java\jdk-21\bin;C:\Program Files\Common Files\Oracle\Java\javapath;C:\Program Files\Eclipse Adoptium\jdk-17.0.16.8-hotspot\bin;C:\Program Files (x86)\Common Files\Intel\Shared Libraries\redist\intel64\compiler;C:\Windows\system32;C:\Windows;C:\Windows\System32\Wbem;C:\Windows\System32\WindowsPowerShell\v1.0\;C:\Windows\System32\OpenSSH\;C:\Program Files (x86)\NVIDIA Corporation\PhysX\Common;C:\Program Files\NVIDIA Corporation\NVIDIA NvDLISR;C:\WINDOWS\system32;C:\WINDOWS;C:\WINDOWS\System32\Wbem;C:\WINDOWS\System32\WindowsPowerShell\v1.0\;C:\WINDOWS\System32\OpenSSH\;C:\Program Files\dotnet\;C:\Program Files\MySQL\MySQL Server 9.3\bin;c:\Users\thesh\AppData\Local\Programs\cursor\resources\app\bin;C:\Program Files\Apache\Maven\apache-maven-3.9.11\bin;C:\Program Files\Docker\Docker\resources\bin;C:\Program Files\Docker\Docker\resources\bin;C:\Program Files\PostgreSQL\17\bin;C:\Program Files\MongoDB\Server\8.0\bin;C:\Program Files\nodejs\;C:\Program Files\Git\cmd;C:\Program Files\cursor\resources\app\bin;c:\Users\thesh\AppData\Local\Programs\Trae\bin;C:\Users\thesh\AppData\Local\Programs\Python\Python312\Scripts\;C:\Users\thesh\AppData\Local\Programs\Python\Python312\;C:\Users\thesh\AppData\Local\Microsoft\WindowsApps;C:\Users\thesh\AppData\Local\Programs\Microsoft VS Code\bin;C:\Users\thesh\.dotnet\tools;C:\Users\thesh\AppData\Local\Programs\Windsurf\bin;C:\Users\thesh\AppData\Roaming\npm;C:\Program Files\JetBrains\IntelliJ IDEA 2025.2\bin;C:\Program Files\Java\jdk-21\bin;C:\Program Files\Java\jdk-21\bin;C:\Program Files\Java\jdk-24\bin;C:\msys64\mingw64\bin;C:\Program Files\Redis;;C:\Program Files\Java\jdk-21\bin;c:\Users\thesh\.cursor\extensions\ms-python.debugpy-2025.14.1-win32-x64\bundled\scripts\noConfigScripts
USERNAME=thesh
LANG=en_US.UTF-8
OS=Windows_NT
PROCESSOR_IDENTIFIER=Intel64 Family 6 Model 154 Stepping 3, GenuineIntel
TMP=C:\Users\thesh\AppData\Local\Temp
TEMP=C:\Users\thesh\AppData\Local\Temp




Periodic native trim disabled

---------------  S Y S T E M  ---------------

OS:
 Windows 11 , 64 bit Build 26100 (10.0.26100.6725)
OS uptime: 1 days 2:48 hours
Hyper-V role detected

CPU: total 12 (initial active 12) (6 cores per cpu, 2 threads per core) family 6 model 154 stepping 3 microcode 0x419, cx8, cmov, fxsr, ht, mmx, 3dnowpref, sse, sse2, sse3, ssse3, sse4.1, sse4.2, popcnt, lzcnt, tsc, tscinvbit, avx, avx2, aes, erms, clmul, bmi1, bmi2, adx, sha, fma, vzeroupper, clflush, clflushopt, clwb, hv, serialize, rdtscp, rdpid, fsrm, f16c, cet_ibt, cet_ss
Processor Information for processor 0
  Max Mhz: 2000, Current Mhz: 2000, Mhz Limit: 2000
Processor Information for processor 1
  Max Mhz: 2000, Current Mhz: 2000, Mhz Limit: 2000
Processor Information for processor 2
  Max Mhz: 2000, Current Mhz: 2000, Mhz Limit: 2000
Processor Information for processor 3
  Max Mhz: 2000, Current Mhz: 2000, Mhz Limit: 2000
Processor Information for processor 4
  Max Mhz: 2000, Current Mhz: 2000, Mhz Limit: 2000
Processor Information for processor 5
  Max Mhz: 2000, Current Mhz: 2000, Mhz Limit: 2000
Processor Information for processor 6
  Max Mhz: 2000, Current Mhz: 2000, Mhz Limit: 2000
Processor Information for processor 7
  Max Mhz: 2000, Current Mhz: 2000, Mhz Limit: 2000
Processor Information for processor 8
  Max Mhz: 2000, Current Mhz: 1500, Mhz Limit: 1500
Processor Information for processor 9
  Max Mhz: 2000, Current Mhz: 1500, Mhz Limit: 1500
Processor Information for processor 10
  Max Mhz: 2000, Current Mhz: 1500, Mhz Limit: 1500
Processor Information for processor 11
  Max Mhz: 2000, Current Mhz: 1500, Mhz Limit: 1500

Memory: 4k page, system-wide physical 7896M (503M free)
TotalPageFile size 32472M (AvailPageFile size 5M)
current process WorkingSet (physical memory assigned to process): 207M, peak: 260M
current process commit charge ("private bytes"): 323M, peak: 349M

vm_info: Java HotSpot(TM) 64-Bit Server VM (21.0.8+12-LTS-250) for windows-amd64 JRE (21.0.8+12-LTS-250), built on 2025-06-27T08:11:22Z by "mach5one" with MS VC++ 17.6 (VS2022)

END.
