#
# There is insufficient memory for the Java Runtime Environment to continue.
# Native memory allocation (mmap) failed to map 268435456 bytes for G1 virtual space
# Possible reasons:
#   The system is out of physical RAM or swap space
#   The process is running with CompressedOops enabled, and the Java Heap may be blocking the growth of the native heap
# Possible solutions:
#   Reduce memory load on the system
#   Increase physical memory or swap space
#   Check if swap backing store is full
#   Decrease Java heap size (-Xmx/-Xms)
#   Decrease number of Java threads
#   Decrease Java thread stack sizes (-Xss)
#   Set larger code cache with -XX:ReservedCodeCacheSize=
#   JVM is running with Unscaled Compressed Oops mode in which the Java heap is
#     placed in the first 4GB address space. The Java Heap base address is the
#     maximum limit for the native heap growth. Please use -XX:HeapBaseMinAddress
#     to set the Java Heap base and to place the Java Heap above 4GB virtual address.
# This output file may be truncated or incomplete.
#
#  Out of Memory Error (os_windows.cpp:3603), pid=18300, tid=18276
#
# JRE version:  (21.0.8+12) (build )
# Java VM: Java HotSpot(TM) 64-Bit Server VM (21.0.8+12-LTS-250, mixed mode, sharing, tiered, compressed oops, compressed class ptrs, g1 gc, windows-amd64)
# No core dump will be written. Minidumps are not enabled by default on client versions of Windows
#

---------------  S U M M A R Y ------------

Command Line: --enable-native-access=ALL-UNNAMED -Xmx512m -Xms256m -Dclassworlds.conf=C:\Users\thesh\.m2\wrapper\dists\apache-maven-3.9.11\d6d3cbd4012d4c1d840e93277aca316c\bin\m2.conf -Dmaven.home=C:\Users\thesh\.m2\wrapper\dists\apache-maven-3.9.11\d6d3cbd4012d4c1d840e93277aca316c -Dlibrary.jansi.path=C:\Users\thesh\.m2\wrapper\dists\apache-maven-3.9.11\d6d3cbd4012d4c1d840e93277aca316c\lib\jansi-native -Dmaven.multiModuleProjectDirectory=C:\zoodo-ai-blockchain-veterinary-platform\backend org.codehaus.plexus.classworlds.launcher.Launcher compile

Host: 12th Gen Intel(R) Core(TM) i5-12450H, 12 cores, 7G,  Windows 11 , 64 bit Build 26100 (10.0.26100.6725)
Time: Wed Oct 15 10:32:03 2025 India Standard Time elapsed time: 2.041041 seconds (0d 0h 0m 2s)

---------------  T H R E A D  ---------------

Current thread (0x000001af0ba41f60):  JavaThread "Unknown thread" [_thread_in_vm, id=18276, stack(0x0000001b1ab00000,0x0000001b1ac00000) (1024K)]

Stack: [0x0000001b1ab00000,0x0000001b1ac00000]
Native frames: (J=compiled Java code, j=interpreted, Vv=VM code, C=native code)
V  [jvm.dll+0x6cc179]
V  [jvm.dll+0x8584c1]
V  [jvm.dll+0x85a9ee]
V  [jvm.dll+0x85b0c3]
V  [jvm.dll+0x27ebf6]
V  [jvm.dll+0x6c88f5]
V  [jvm.dll+0x6bd45a]
V  [jvm.dll+0x354b1a]
V  [jvm.dll+0x35c796]
V  [jvm.dll+0x3af85e]
V  [jvm.dll+0x3afb08]
V  [jvm.dll+0x328e2c]
V  [jvm.dll+0x32998b]
V  [jvm.dll+0x821879]
V  [jvm.dll+0x3bc541]
V  [jvm.dll+0x80aaf8]
V  [jvm.dll+0x45172e]
V  [jvm.dll+0x453321]
C  [jli.dll+0x52a3]
C  [ucrtbase.dll+0x37b0]
C  [KERNEL32.DLL+0x2e8d7]
C  [ntdll.dll+0x8c53c]


---------------  P R O C E S S  ---------------

Threads class SMR info:
_java_thread_list=0x00007ffb72dffc48, length=0, elements={
}

Java Threads: ( => current thread )
Total: 0

Other Threads:
  0x000001af0bef1880 WorkerThread "GC Thread#0"                     [id=22644, stack(0x0000001b1ac00000,0x0000001b1ad00000) (1024K)]
  0x000001af0bef6860 ConcurrentGCThread "G1 Main Marker"            [id=17004, stack(0x0000001b1ad00000,0x0000001b1ae00000) (1024K)]
  0x000001af0befa600 WorkerThread "G1 Conc#0"                       [id=18728, stack(0x0000001b1ae00000,0x0000001b1af00000) (1024K)]

[error occurred during error reporting (printing all threads), id 0xc0000005, EXCEPTION_ACCESS_VIOLATION (0xc0000005) at pc=0x00007ffb7256b5b7]
VM state: not at safepoint (not fully initialized)

VM Mutex/Monitor currently owned by a thread:  ([mutex/lock_event])
[0x00007ffb72e70f50] Heap_lock - owner thread: 0x000001af0ba41f60

Heap address: 0x00000000e0000000, size: 512 MB, Compressed Oops mode: 32-bit

CDS archive(s) mapped at: [0x0000000000000000-0x0000000000000000-0x0000000000000000), size 0, SharedBaseAddress: 0x0000000800000000, ArchiveRelocationMode: 1.
Narrow klass base: 0x0000000000000000, Narrow klass shift: 0, Narrow klass range: 0x0

GC Precious Log:
 CardTable entry size: 512
 Card Set container configuration: InlinePtr #cards 5 size 8 Array Of Cards #cards 12 size 40 Howl #buckets 4 coarsen threshold 1843 Howl Bitmap #cards 512 size 80 coarsen threshold 460 Card regions per heap region 1 cards per card region 2048

Heap:
 garbage-first heap   total 0K, used 0K [0x00000000e0000000, 0x0000000100000000)
  region size 1024K, 0 young (0K), 0 survivors (0K)

[error occurred during error reporting (printing heap information), id 0xc0000005, EXCEPTION_ACCESS_VIOLATION (0xc0000005) at pc=0x00007ffb729551e9]
GC Heap History (0 events):
No events

Dll operation events (1 events):
Event: 0.022 Loaded shared library C:\Program Files\Java\jdk-21\bin\java.dll

Deoptimization events (0 events):
No events

Classes loaded (0 events):
No events

Classes unloaded (0 events):
No events

Classes redefined (0 events):
No events

Internal exceptions (0 events):
No events

ZGC Phase Switch (0 events):
No events

VM Operations (0 events):
No events

Events (0 events):
No events


Dynamic libraries:
0x00007ff7c8b30000 - 0x00007ff7c8b40000 	C:\Program Files\Java\jdk-21\bin\java.exe
0x00007ffc52140000 - 0x00007ffc523a8000 	C:\WINDOWS\SYSTEM32\ntdll.dll
0x00007ffc50d10000 - 0x00007ffc50dd9000 	C:\WINDOWS\System32\KERNEL32.DLL
0x00007ffc4f2d0000 - 0x00007ffc4f6c2000 	C:\WINDOWS\System32\KERNELBASE.dll
0x00007ffc4f8f0000 - 0x00007ffc4fa3b000 	C:\WINDOWS\System32\ucrtbase.dll
0x00007ffc39110000 - 0x00007ffc3912b000 	C:\Program Files\Java\jdk-21\bin\VCRUNTIME140.dll
0x00007ffc35ba0000 - 0x00007ffc35bb9000 	C:\Program Files\Java\jdk-21\bin\jli.dll
0x00007ffc50850000 - 0x00007ffc50904000 	C:\WINDOWS\System32\ADVAPI32.dll
0x00007ffc50de0000 - 0x00007ffc50e89000 	C:\WINDOWS\System32\msvcrt.dll
0x00007ffc517f0000 - 0x00007ffc51896000 	C:\WINDOWS\System32\sechost.dll
0x00007ffc518a0000 - 0x00007ffc519b8000 	C:\WINDOWS\System32\RPCRT4.dll
0x00007ffc519c0000 - 0x00007ffc51b85000 	C:\WINDOWS\System32\USER32.dll
0x00007ffc33fd0000 - 0x00007ffc34263000 	C:\WINDOWS\WinSxS\amd64_microsoft.windows.common-controls_6595b64144ccf1df_6.0.26100.6725_none_3e085828e334708b\COMCTL32.dll
0x00007ffc4f790000 - 0x00007ffc4f7b7000 	C:\WINDOWS\System32\win32u.dll
0x00007ffc51250000 - 0x00007ffc5127b000 	C:\WINDOWS\System32\GDI32.dll
0x00007ffc4fa40000 - 0x00007ffc4fb6d000 	C:\WINDOWS\System32\gdi32full.dll
0x00007ffc4fb70000 - 0x00007ffc4fc13000 	C:\WINDOWS\System32\msvcp_win.dll
0x00007ffc3de10000 - 0x00007ffc3de1b000 	C:\WINDOWS\SYSTEM32\VERSION.dll
0x00007ffc50b70000 - 0x00007ffc50b9f000 	C:\WINDOWS\System32\IMM32.DLL
0x00007ffc475f0000 - 0x00007ffc475fc000 	C:\Program Files\Java\jdk-21\bin\vcruntime140_1.dll
0x00007ffc0c5d0000 - 0x00007ffc0c65e000 	C:\Program Files\Java\jdk-21\bin\msvcp140.dll
0x00007ffb72230000 - 0x00007ffb72f4d000 	C:\Program Files\Java\jdk-21\bin\server\jvm.dll
0x00007ffc51170000 - 0x00007ffc511e4000 	C:\WINDOWS\System32\WS2_32.dll
0x00007ffc4f130000 - 0x00007ffc4f18e000 	C:\WINDOWS\SYSTEM32\POWRPROF.dll
0x00007ffc3d6d0000 - 0x00007ffc3d705000 	C:\WINDOWS\SYSTEM32\WINMM.dll
0x00007ffc4f110000 - 0x00007ffc4f124000 	C:\WINDOWS\SYSTEM32\UMPDC.dll
0x00007ffc4e0a0000 - 0x00007ffc4e0bb000 	C:\WINDOWS\SYSTEM32\kernel.appcore.dll
0x00007ffc47590000 - 0x00007ffc4759a000 	C:\Program Files\Java\jdk-21\bin\jimage.dll
0x00007ffc4c5b0000 - 0x00007ffc4c7f2000 	C:\WINDOWS\SYSTEM32\DBGHELP.DLL
0x00007ffc51c50000 - 0x00007ffc51fcb000 	C:\WINDOWS\System32\combase.dll
0x00007ffc51710000 - 0x00007ffc517e7000 	C:\WINDOWS\System32\OLEAUT32.dll
0x00007ffc30b40000 - 0x00007ffc30b7c000 	C:\WINDOWS\SYSTEM32\dbgcore.DLL
0x00007ffc4f7c0000 - 0x00007ffc4f858000 	C:\WINDOWS\System32\bcryptPrimitives.dll
0x00007ffc24bf0000 - 0x00007ffc24c0f000 	C:\Program Files\Java\jdk-21\bin\java.dll

dbghelp: loaded successfully - version: 4.0.5 - missing functions: none
symbol engine: initialized successfully - sym options: 0x614 - pdb path: .;C:\Program Files\Java\jdk-21\bin;C:\WINDOWS\SYSTEM32;C:\WINDOWS\WinSxS\amd64_microsoft.windows.common-controls_6595b64144ccf1df_6.0.26100.6725_none_3e085828e334708b;C:\Program Files\Java\jdk-21\bin\server

VM Arguments:
jvm_args: --enable-native-access=ALL-UNNAMED -Xmx512m -Xms256m -Dclassworlds.conf=C:\Users\thesh\.m2\wrapper\dists\apache-maven-3.9.11\d6d3cbd4012d4c1d840e93277aca316c\bin\m2.conf -Dmaven.home=C:\Users\thesh\.m2\wrapper\dists\apache-maven-3.9.11\d6d3cbd4012d4c1d840e93277aca316c -Dlibrary.jansi.path=C:\Users\thesh\.m2\wrapper\dists\apache-maven-3.9.11\d6d3cbd4012d4c1d840e93277aca316c\lib\jansi-native -Dmaven.multiModuleProjectDirectory=C:\zoodo-ai-blockchain-veterinary-platform\backend 
java_command: org.codehaus.plexus.classworlds.launcher.Launcher compile
java_class_path (initial): C:\Users\thesh\.m2\wrapper\dists\apache-maven-3.9.11\d6d3cbd4012d4c1d840e93277aca316c\boot\plexus-classworlds-2.9.0.jar
Launcher Type: SUN_STANDARD

[Global flags]
     intx CICompilerCount                          = 4                                         {product} {ergonomic}
     uint ConcGCThreads                            = 3                                         {product} {ergonomic}
     uint G1ConcRefinementThreads                  = 10                                        {product} {ergonomic}
   size_t G1HeapRegionSize                         = 1048576                                   {product} {ergonomic}
    uintx GCDrainStackTargetSize                   = 64                                        {product} {ergonomic}
   size_t InitialHeapSize                          = 268435456                                 {product} {command line}
   size_t MarkStackSize                            = 4194304                                   {product} {ergonomic}
   size_t MaxHeapSize                              = 536870912                                 {product} {command line}
   size_t MinHeapDeltaBytes                        = 1048576                                   {product} {ergonomic}
   size_t MinHeapSize                              = 268435456                                 {product} {command line}
    uintx NonNMethodCodeHeapSize                   = 5839372                                {pd product} {ergonomic}
    uintx NonProfiledCodeHeapSize                  = 122909434                              {pd product} {ergonomic}
    uintx ProfiledCodeHeapSize                     = 122909434                              {pd product} {ergonomic}
    uintx ReservedCodeCacheSize                    = 251658240                              {pd product} {ergonomic}
     bool SegmentedCodeCache                       = true                                      {product} {ergonomic}
   size_t SoftMaxHeapSize                          = 536870912                              {manageable} {ergonomic}
     bool UseCompressedOops                        = true                           {product lp64_product} {ergonomic}
     bool UseG1GC                                  = true                                      {product} {ergonomic}
     bool UseLargePagesIndividualAllocation        = false                                  {pd product} {ergonomic}

Logging:
Log output configuration:
 #0: stdout all=warning uptime,level,tags foldmultilines=false
 #1: stderr all=off uptime,level,tags foldmultilines=false

Environment Variables:
JAVA_HOME=C:\Program Files\Java\jdk-21
PATH=C:\Program Files\Java\jdk-21\bin;C:\Program Files\Common Files\Oracle\Java\javapath;C:\Program Files\Eclipse Adoptium\jdk-17.0.16.8-hotspot\bin;C:\Program Files (x86)\Common Files\Intel\Shared Libraries\redist\intel64\compiler;C:\Windows\system32;C:\Windows;C:\Windows\System32\Wbem;C:\Windows\System32\WindowsPowerShell\v1.0\;C:\Windows\System32\OpenSSH\;C:\Program Files (x86)\NVIDIA Corporation\PhysX\Common;C:\Program Files\NVIDIA Corporation\NVIDIA NvDLISR;C:\WINDOWS\system32;C:\WINDOWS;C:\WINDOWS\System32\Wbem;C:\WINDOWS\System32\WindowsPowerShell\v1.0\;C:\WINDOWS\System32\OpenSSH\;C:\Program Files\dotnet\;C:\Program Files\MySQL\MySQL Server 9.3\bin;c:\Users\thesh\AppData\Local\Programs\cursor\resources\app\bin;C:\Program Files\Apache\Maven\apache-maven-3.9.11\bin;C:\Program Files\Docker\Docker\resources\bin;C:\Program Files\Docker\Docker\resources\bin;C:\Program Files\PostgreSQL\17\bin;C:\Program Files\MongoDB\Server\8.0\bin;C:\Program Files\nodejs\;C:\Program Files\Git\cmd;C:\Program Files\cursor\resources\app\bin;c:\Users\thesh\AppData\Local\Programs\Trae\bin;C:\Users\thesh\AppData\Local\Programs\Python\Python312\Scripts\;C:\Users\thesh\AppData\Local\Programs\Python\Python312\;C:\Users\thesh\AppData\Local\Microsoft\WindowsApps;C:\Users\thesh\AppData\Local\Programs\Microsoft VS Code\bin;C:\Users\thesh\.dotnet\tools;C:\Users\thesh\AppData\Local\Programs\Windsurf\bin;C:\Users\thesh\AppData\Roaming\npm;C:\Program Files\JetBrains\IntelliJ IDEA 2025.2\bin;C:\Program Files\Java\jdk-21\bin;C:\Program Files\Java\jdk-21\bin;C:\Program Files\Java\jdk-24\bin;C:\msys64\mingw64\bin;C:\Program Files\Redis;;C:\Program Files\Java\jdk-21\bin;c:\Users\thesh\.cursor\extensions\ms-python.debugpy-2025.14.1-win32-x64\bundled\scripts\noConfigScripts
USERNAME=thesh
LANG=en_US.UTF-8
OS=Windows_NT
PROCESSOR_IDENTIFIER=Intel64 Family 6 Model 154 Stepping 3, GenuineIntel
TMP=C:\Users\thesh\AppData\Local\Temp
TEMP=C:\Users\thesh\AppData\Local\Temp




Periodic native trim disabled

---------------  S Y S T E M  ---------------

OS:
 Windows 11 , 64 bit Build 26100 (10.0.26100.6725)
OS uptime: 1 days 2:48 hours
Hyper-V role detected

CPU: total 12 (initial active 12) (6 cores per cpu, 2 threads per core) family 6 model 154 stepping 3 microcode 0x419, cx8, cmov, fxsr, ht, mmx, 3dnowpref, sse, sse2, sse3, ssse3, sse4.1, sse4.2, popcnt, lzcnt, tsc, tscinvbit, avx, avx2, aes, erms, clmul, bmi1, bmi2, adx, sha, fma, vzeroupper, clflush, clflushopt, clwb, hv, serialize, rdtscp, rdpid, fsrm, f16c, cet_ibt, cet_ss
Processor Information for processor 0
  Max Mhz: 2000, Current Mhz: 2000, Mhz Limit: 2000
Processor Information for processor 1
  Max Mhz: 2000, Current Mhz: 2000, Mhz Limit: 2000
Processor Information for processor 2
  Max Mhz: 2000, Current Mhz: 2000, Mhz Limit: 2000
Processor Information for processor 3
  Max Mhz: 2000, Current Mhz: 2000, Mhz Limit: 2000
Processor Information for processor 4
  Max Mhz: 2000, Current Mhz: 2000, Mhz Limit: 2000
Processor Information for processor 5
  Max Mhz: 2000, Current Mhz: 2000, Mhz Limit: 2000
Processor Information for processor 6
  Max Mhz: 2000, Current Mhz: 2000, Mhz Limit: 2000
Processor Information for processor 7
  Max Mhz: 2000, Current Mhz: 2000, Mhz Limit: 2000
Processor Information for processor 8
  Max Mhz: 2000, Current Mhz: 1500, Mhz Limit: 1500
Processor Information for processor 9
  Max Mhz: 2000, Current Mhz: 1500, Mhz Limit: 1500
Processor Information for processor 10
  Max Mhz: 2000, Current Mhz: 1500, Mhz Limit: 1500
Processor Information for processor 11
  Max Mhz: 2000, Current Mhz: 1500, Mhz Limit: 1500

Memory: 4k page, system-wide physical 7896M (564M free)
TotalPageFile size 32472M (AvailPageFile size 150M)
current process WorkingSet (physical memory assigned to process): 12M, peak: 12M
current process commit charge ("private bytes"): 64M, peak: 319M

vm_info: Java HotSpot(TM) 64-Bit Server VM (21.0.8+12-LTS-250) for windows-amd64 JRE (21.0.8+12-LTS-250), built on 2025-06-27T08:11:22Z by "mach5one" with MS VC++ 17.6 (VS2022)

END.
